yarn run v1.22.10
$ react-scripts build
Creating an optimized production build...
yarn run v1.22.10
$ react-scripts build
Creating an optimized production build...
Compiled with warnings.

./src/main/Feed.js
  Line 10:   'convertFromRaw' is defined but never used                                                                                                                                                                                                                                                                                                                               no-unused-vars
  Line 15:   'Link' is defined but never used                                                                                                                                                                                                                                                                                                                                         no-unused-vars
  Line 67:   'user' is assigned a value but never used                                                                                                                                                                                                                                                                                                                                no-unused-vars
  Line 74:    'blog' is assigned a value but never used                                                                                                                                                                                                                                                                                                                                no-unused-vars
  Line 77:    'inputValue' is assigned a value but never used                                                                                                                                                                                                                                                                                                                          no-unused-vars
  Line 170:  img elements must have an alt prop, either with meaningful text, or an empty string for decorative images                                                                                                                                                                                                                                                                jsx-a11y/alt-text
  Line 179:  img elements must have an alt prop, either with meaningful text, or an empty string for decorative images                                                                                                                                                                                                                                                                jsx-a11y/alt-text
  Line 202:  The href attribute is required for an anchor to be keyboard accessible. Provide a valid, navigable address as the href value. If you cannot provide an href, but still need the element to resemble a link, use a button and change it with appropriate styles. Learn more: https://github.com/evcohen/eslint-plugin-jsx-a11y/blob/master/docs/rules/anchor-is-valid.md  jsx-a11y/anchor-is-valid

./src/components/dashboard/Dashboard.js
  Line 10:   'htmlToDraft' is defined but never used                                           no-unused-vars
  Line 12:   'Wysiwyg' is defined but never used                                               no-unused-vars
  Line 41:  'inputValue' is assigned a value but never used                                   no-unused-vars
  Line 42:  'data' is assigned a value but never used                                         no-unused-vars
  Line 88:  Expected '===' and instead saw '=='                                               eqeqeq
  Line 93:  Headings must have content and the content must be accessible by a screen reader  jsx-a11y/heading-has-content

./src/App.js
  Line 10:  'Navbar' is defined but never used      no-unused-vars
  Line 11:  'Landing' is defined but never used     no-unused-vars
  Line 18:  'Navigation' is defined but never used  no-unused-vars

./src/main/Active.js
  Line 1:    'useEffect' is defined but never used                                                                                                                                                                                                                                                                                                                                    no-unused-vars
  Line 1:    'useState' is defined but never used                                                                                                                                                                                                                                                                                                                                     no-unused-vars
  Line 8:    'Link' is defined but never used                                                                                                                                                                                                                                                                                                                                         no-unused-vars
  Line 84:   'data' is assigned a value but never used                                                                                                                                                                                                                                                                                                                                no-unused-vars
  Line 96:   'status' is assigned a value but never used                                                                                                                                                                                                                                                                                                                              no-unused-vars
  Line 171:  The href attribute requires a valid value to be accessible. Provide a valid, navigable address as the href value. If you cannot provide a valid href, but still need the element to resemble a link, use a button and change it with appropriate styles. Learn more: https://github.com/evcohen/eslint-plugin-jsx-a11y/blob/master/docs/rules/anchor-is-valid.md         jsx-a11y/anchor-is-valid
  Line 175:  The href attribute requires a valid value to be accessible. Provide a valid, navigable address as the href value. If you cannot provide a valid href, but still need the element to resemble a link, use a button and change it with appropriate styles. Learn more: https://github.com/evcohen/eslint-plugin-jsx-a11y/blob/master/docs/rules/anchor-is-valid.md         jsx-a11y/anchor-is-valid
  Line 178:  The href attribute requires a valid value to be accessible. Provide a valid, navigable address as the href value. If you cannot provide a valid href, but still need the element to resemble a link, use a button and change it with appropriate styles. Learn more: https://github.com/evcohen/eslint-plugin-jsx-a11y/blob/master/docs/rules/anchor-is-valid.md         jsx-a11y/anchor-is-valid
  Line 181:  The href attribute requires a valid value to be accessible. Provide a valid, navigable address as the href value. If you cannot provide a valid href, but still need the element to resemble a link, use a button and change it with appropriate styles. Learn more: https://github.com/evcohen/eslint-plugin-jsx-a11y/blob/master/docs/rules/anchor-is-valid.md         jsx-a11y/anchor-is-valid
  Line 184:  The href attribute requires a valid value to be accessible. Provide a valid, navigable address as the href value. If you cannot provide a valid href, but still need the element to resemble a link, use a button and change it with appropriate styles. Learn more: https://github.com/evcohen/eslint-plugin-jsx-a11y/blob/master/docs/rules/anchor-is-valid.md         jsx-a11y/anchor-is-valid
  Line 211:  img elements must have an alt prop, either with meaningful text, or an empty string for decorative images                                                                                                                                                                                                                                                                jsx-a11y/alt-text
  Line 216:  img elements must have an alt prop, either with meaningful text, or an empty string for decorative images                                                                                                                                                                                                                                                                jsx-a11y/alt-text
  Line 227:  The href attribute is required for an anchor to be keyboard accessible. Provide a valid, navigable address as the href value. If you cannot provide an href, but still need the element to resemble a link, use a button and change it with appropriate styles. Learn more: https://github.com/evcohen/eslint-plugin-jsx-a11y/blob/master/docs/rules/anchor-is-valid.md  jsx-a11y/anchor-is-valid

./src/elements/Navigation.js
  Line 1:   'useEffect' is defined but never used        no-unused-vars
  Line 1:   'useState' is defined but never used         no-unused-vars
  Line 5:   'Link' is defined but never used             no-unused-vars
  Line 50:  'data' is assigned a value but never used    no-unused-vars
  Line 52:  'status' is assigned a value but never used  no-unused-vars

./src/elements/Footer.js
  Line 1:  'useEffect' is defined but never used   no-unused-vars
  Line 1:  'useState' is defined but never used    no-unused-vars
  Line 2:   'PropTypes' is defined but never used   no-unused-vars
  Line 3:  'connect' is defined but never used     no-unused-vars
  Line 4:  'logoutUser' is defined but never used  no-unused-vars

./src/main/Profile.js
  Line 1:    'Component' is defined but never used                                                                                                                                                                                                                                                                                                                             no-unused-vars
  Line 6:    'Link' is defined but never used                                                                                                                                                                                                                                                                                                                                  no-unused-vars
  Line 63:   The href attribute requires a valid value to be accessible. Provide a valid, navigable address as the href value. If you cannot provide a valid href, but still need the element to resemble a link, use a button and change it with appropriate styles. Learn more: https://github.com/evcohen/eslint-plugin-jsx-a11y/blob/master/docs/rules/anchor-is-valid.md  jsx-a11y/anchor-is-valid
  Line 66:   The href attribute requires a valid value to be accessible. Provide a valid, navigable address as the href value. If you cannot provide a valid href, but still need the element to resemble a link, use a button and change it with appropriate styles. Learn more: https://github.com/evcohen/eslint-plugin-jsx-a11y/blob/master/docs/rules/anchor-is-valid.md  jsx-a11y/anchor-is-valid
  Line 69:   The href attribute requires a valid value to be accessible. Provide a valid, navigable address as the href value. If you cannot provide a valid href, but still need the element to resemble a link, use a button and change it with appropriate styles. Learn more: https://github.com/evcohen/eslint-plugin-jsx-a11y/blob/master/docs/rules/anchor-is-valid.md  jsx-a11y/anchor-is-valid
  Line 72:   The href attribute requires a valid value to be accessible. Provide a valid, navigable address as the href value. If you cannot provide a valid href, but still need the element to resemble a link, use a button and change it with appropriate styles. Learn more: https://github.com/evcohen/eslint-plugin-jsx-a11y/blob/master/docs/rules/anchor-is-valid.md  jsx-a11y/anchor-is-valid
  Line 75:   The href attribute requires a valid value to be accessible. Provide a valid, navigable address as the href value. If you cannot provide a valid href, but still need the element to resemble a link, use a button and change it with appropriate styles. Learn more: https://github.com/evcohen/eslint-plugin-jsx-a11y/blob/master/docs/rules/anchor-is-valid.md  jsx-a11y/anchor-is-valid
  Line 123:  img elements must have an alt prop, either with meaningful text, or an empty string for decorative images                                                                                                                                                                                                                                                         jsx-a11y/alt-text
  Line 128:  img elements must have an alt prop, either with meaningful text, or an empty string for decorative images                                                                                                                                                                                                                                                         jsx-a11y/alt-text
  Line 140:  Expected '===' and instead saw '=='                                                                                                                                                                                                                                                                                                                               eqeqeq
  Line 233:  img elements must have an alt prop, either with meaningful text, or an empty string for decorative images                                                                                                                                                                                                                                                         jsx-a11y/alt-text
  Line 242:  img elements must have an alt prop, either with meaningful text, or an empty string for decorative images                                                                                                                                                                                                                                                         jsx-a11y/alt-text
  Line 254:  Expected '===' and instead saw '=='                                                                                                                                                                                                                                                                                                                               eqeqeq

./src/main/Event.js
  Line 1:   'Component' is defined but never used                                                                      no-unused-vars
  Line 79:  img elements must have an alt prop, either with meaningful text, or an empty string for decorative images  jsx-a11y/alt-text
  Line 88:  img elements must have an alt prop, either with meaningful text, or an empty string for decorative images  jsx-a11y/alt-text
  Line 99:  Expected '===' and instead saw '=='                                                                        eqeqeq

./src/main/SiteMap.js
  Line 1:   'Component' is defined but never used       no-unused-vars
  Line 10:  'data' is assigned a value but never used   no-unused-vars
  Line 12:  'posts' is assigned a value but never used  no-unused-vars

./src/components/auth/Login.js
  Line 2:  'Link' is defined but never used        no-unused-vars
  Line 6:   'classnames' is defined but never used  no-unused-vars

./src/main/Home.js
  Line 2:    'Footer' is defined but never used                                                                         no-unused-vars
  Line 77:  Expected '===' and instead saw '=='                                                                        eqeqeq
  Line 83:  img elements must have an alt prop, either with meaningful text, or an empty string for decorative images  jsx-a11y/alt-text
  Line 96:  Expected '===' and instead saw '=='                                                                        eqeqeq

./src/components/auth/Register.js
  Line 2:   'ReCAPTCHA' is defined but never used   no-unused-vars
  Line 4:  'Link' is defined but never used        no-unused-vars
  Line 8:   'classnames' is defined but never used  no-unused-vars

./src/main/About.js
  Line 2:  'Footer' is defined but never used  no-unused-vars

./src/main/License.js
  Line 2:  'Footer' is defined but never used  no-unused-vars

./src/main/Contact.js
  Line 3:  'Footer' is defined but never used  no-unused-vars

./src/elements/Wysiwyg.js
  Line 5:  'htmlToDraft' is defined but never used   no-unused-vars
  Line 7:  'fun' is assigned a value but never used  no-unused-vars

./src/Single.js
  Line 71:  Unexpected string concatenation of literals  no-useless-concat
  Line 71:  Unexpected string concatenation of literals  no-useless-concat
  Line 86:  Expected '===' and instead saw '=='          eqeqeq

Search for the keywords to learn more about each warning.
To ignore, add // eslint-disable-next-line to the line before.

File sizes after gzip:

  208.31 KB  build/static/js/1.3de780b4.chunk.js
  8.57 KB    build/static/js/main.0117ee92.chunk.js
  2.97 KB    build/static/css/1.4eff9066.chunk.css
  763 B      build/static/js/runtime~main.229c360f.js
  275 B      build/static/css/main.e21bbdd5.chunk.css

The project was built assuming it is hosted at the server root.
You can control this with the homepage field in your package.json.
For example, add this to build it for GitHub Pages:

  "homepage" : "http://myname.github.io/myapp",

The build folder is ready to be deployed.
You may serve it with a static server:

  yarn global add serve
  serve -s build

Find out more about deployment here:

  http://bit.ly/CRA-deploy

Done in 19.30s.
yarn run v1.22.10
$ react-scripts build
Creating an optimized production build...
Compiled with warnings.

./src/main/Feed.js
  Line 10:   'convertFromRaw' is defined but never used                                                                                                                                                                                                                                                                                                                               no-unused-vars
  Line 15:   'Link' is defined but never used                                                                                                                                                                                                                                                                                                                                         no-unused-vars
  Line 67:   'user' is assigned a value but never used                                                                                                                                                                                                                                                                                                                                no-unused-vars
  Line 74:    'blog' is assigned a value but never used                                                                                                                                                                                                                                                                                                                                no-unused-vars
  Line 77:    'inputValue' is assigned a value but never used                                                                                                                                                                                                                                                                                                                          no-unused-vars
  Line 170:  img elements must have an alt prop, either with meaningful text, or an empty string for decorative images                                                                                                                                                                                                                                                                jsx-a11y/alt-text
  Line 179:  img elements must have an alt prop, either with meaningful text, or an empty string for decorative images                                                                                                                                                                                                                                                                jsx-a11y/alt-text
  Line 202:  The href attribute is required for an anchor to be keyboard accessible. Provide a valid, navigable address as the href value. If you cannot provide an href, but still need the element to resemble a link, use a button and change it with appropriate styles. Learn more: https://github.com/evcohen/eslint-plugin-jsx-a11y/blob/master/docs/rules/anchor-is-valid.md  jsx-a11y/anchor-is-valid

./src/components/dashboard/Dashboard.js
  Line 10:   'htmlToDraft' is defined but never used                                           no-unused-vars
  Line 12:   'Wysiwyg' is defined but never used                                               no-unused-vars
  Line 41:  'inputValue' is assigned a value but never used                                   no-unused-vars
  Line 42:  'data' is assigned a value but never used                                         no-unused-vars
  Line 88:  Expected '===' and instead saw '=='                                               eqeqeq
  Line 93:  Headings must have content and the content must be accessible by a screen reader  jsx-a11y/heading-has-content

./src/App.js
  Line 10:  'Navbar' is defined but never used      no-unused-vars
  Line 11:  'Landing' is defined but never used     no-unused-vars
  Line 18:  'Navigation' is defined but never used  no-unused-vars

./src/main/Active.js
  Line 1:    'useEffect' is defined but never used                                                                                                                                                                                                                                                                                                                                    no-unused-vars
  Line 1:    'useState' is defined but never used                                                                                                                                                                                                                                                                                                                                     no-unused-vars
  Line 8:    'Link' is defined but never used                                                                                                                                                                                                                                                                                                                                         no-unused-vars
  Line 84:   'data' is assigned a value but never used                                                                                                                                                                                                                                                                                                                                no-unused-vars
  Line 96:   'status' is assigned a value but never used                                                                                                                                                                                                                                                                                                                              no-unused-vars
  Line 171:  The href attribute requires a valid value to be accessible. Provide a valid, navigable address as the href value. If you cannot provide a valid href, but still need the element to resemble a link, use a button and change it with appropriate styles. Learn more: https://github.com/evcohen/eslint-plugin-jsx-a11y/blob/master/docs/rules/anchor-is-valid.md         jsx-a11y/anchor-is-valid
  Line 175:  The href attribute requires a valid value to be accessible. Provide a valid, navigable address as the href value. If you cannot provide a valid href, but still need the element to resemble a link, use a button and change it with appropriate styles. Learn more: https://github.com/evcohen/eslint-plugin-jsx-a11y/blob/master/docs/rules/anchor-is-valid.md         jsx-a11y/anchor-is-valid
  Line 178:  The href attribute requires a valid value to be accessible. Provide a valid, navigable address as the href value. If you cannot provide a valid href, but still need the element to resemble a link, use a button and change it with appropriate styles. Learn more: https://github.com/evcohen/eslint-plugin-jsx-a11y/blob/master/docs/rules/anchor-is-valid.md         jsx-a11y/anchor-is-valid
  Line 181:  The href attribute requires a valid value to be accessible. Provide a valid, navigable address as the href value. If you cannot provide a valid href, but still need the element to resemble a link, use a button and change it with appropriate styles. Learn more: https://github.com/evcohen/eslint-plugin-jsx-a11y/blob/master/docs/rules/anchor-is-valid.md         jsx-a11y/anchor-is-valid
  Line 184:  The href attribute requires a valid value to be accessible. Provide a valid, navigable address as the href value. If you cannot provide a valid href, but still need the element to resemble a link, use a button and change it with appropriate styles. Learn more: https://github.com/evcohen/eslint-plugin-jsx-a11y/blob/master/docs/rules/anchor-is-valid.md         jsx-a11y/anchor-is-valid
  Line 211:  img elements must have an alt prop, either with meaningful text, or an empty string for decorative images                                                                                                                                                                                                                                                                jsx-a11y/alt-text
  Line 216:  img elements must have an alt prop, either with meaningful text, or an empty string for decorative images                                                                                                                                                                                                                                                                jsx-a11y/alt-text
  Line 227:  The href attribute is required for an anchor to be keyboard accessible. Provide a valid, navigable address as the href value. If you cannot provide an href, but still need the element to resemble a link, use a button and change it with appropriate styles. Learn more: https://github.com/evcohen/eslint-plugin-jsx-a11y/blob/master/docs/rules/anchor-is-valid.md  jsx-a11y/anchor-is-valid

./src/elements/Navigation.js
  Line 1:   'useEffect' is defined but never used        no-unused-vars
  Line 1:   'useState' is defined but never used         no-unused-vars
  Line 5:   'Link' is defined but never used             no-unused-vars
  Line 50:  'data' is assigned a value but never used    no-unused-vars
  Line 52:  'status' is assigned a value but never used  no-unused-vars

./src/elements/Footer.js
  Line 1:  'useEffect' is defined but never used   no-unused-vars
  Line 1:  'useState' is defined but never used    no-unused-vars
  Line 2:   'PropTypes' is defined but never used   no-unused-vars
  Line 3:  'connect' is defined but never used     no-unused-vars
  Line 4:  'logoutUser' is defined but never used  no-unused-vars

./src/main/Profile.js
  Line 1:    'Component' is defined but never used                                                                                                                                                                                                                                                                                                                             no-unused-vars
  Line 6:    'Link' is defined but never used                                                                                                                                                                                                                                                                                                                                  no-unused-vars
  Line 63:   The href attribute requires a valid value to be accessible. Provide a valid, navigable address as the href value. If you cannot provide a valid href, but still need the element to resemble a link, use a button and change it with appropriate styles. Learn more: https://github.com/evcohen/eslint-plugin-jsx-a11y/blob/master/docs/rules/anchor-is-valid.md  jsx-a11y/anchor-is-valid
  Line 66:   The href attribute requires a valid value to be accessible. Provide a valid, navigable address as the href value. If you cannot provide a valid href, but still need the element to resemble a link, use a button and change it with appropriate styles. Learn more: https://github.com/evcohen/eslint-plugin-jsx-a11y/blob/master/docs/rules/anchor-is-valid.md  jsx-a11y/anchor-is-valid
  Line 69:   The href attribute requires a valid value to be accessible. Provide a valid, navigable address as the href value. If you cannot provide a valid href, but still need the element to resemble a link, use a button and change it with appropriate styles. Learn more: https://github.com/evcohen/eslint-plugin-jsx-a11y/blob/master/docs/rules/anchor-is-valid.md  jsx-a11y/anchor-is-valid
  Line 72:   The href attribute requires a valid value to be accessible. Provide a valid, navigable address as the href value. If you cannot provide a valid href, but still need the element to resemble a link, use a button and change it with appropriate styles. Learn more: https://github.com/evcohen/eslint-plugin-jsx-a11y/blob/master/docs/rules/anchor-is-valid.md  jsx-a11y/anchor-is-valid
  Line 75:   The href attribute requires a valid value to be accessible. Provide a valid, navigable address as the href value. If you cannot provide a valid href, but still need the element to resemble a link, use a button and change it with appropriate styles. Learn more: https://github.com/evcohen/eslint-plugin-jsx-a11y/blob/master/docs/rules/anchor-is-valid.md  jsx-a11y/anchor-is-valid
  Line 123:  img elements must have an alt prop, either with meaningful text, or an empty string for decorative images                                                                                                                                                                                                                                                         jsx-a11y/alt-text
  Line 128:  img elements must have an alt prop, either with meaningful text, or an empty string for decorative images                                                                                                                                                                                                                                                         jsx-a11y/alt-text
  Line 140:  Expected '===' and instead saw '=='                                                                                                                                                                                                                                                                                                                               eqeqeq
  Line 233:  img elements must have an alt prop, either with meaningful text, or an empty string for decorative images                                                                                                                                                                                                                                                         jsx-a11y/alt-text
  Line 242:  img elements must have an alt prop, either with meaningful text, or an empty string for decorative images                                                                                                                                                                                                                                                         jsx-a11y/alt-text
  Line 254:  Expected '===' and instead saw '=='                                                                                                                                                                                                                                                                                                                               eqeqeq

./src/main/Event.js
  Line 1:   'Component' is defined but never used                                                                      no-unused-vars
  Line 79:  img elements must have an alt prop, either with meaningful text, or an empty string for decorative images  jsx-a11y/alt-text
  Line 88:  img elements must have an alt prop, either with meaningful text, or an empty string for decorative images  jsx-a11y/alt-text
  Line 99:  Expected '===' and instead saw '=='                                                                        eqeqeq

./src/main/SiteMap.js
  Line 1:   'Component' is defined but never used       no-unused-vars
  Line 10:  'data' is assigned a value but never used   no-unused-vars
  Line 12:  'posts' is assigned a value but never used  no-unused-vars

./src/components/auth/Login.js
  Line 2:  'Link' is defined but never used        no-unused-vars
  Line 6:   'classnames' is defined but never used  no-unused-vars

./src/main/Home.js
  Line 2:    'Footer' is defined but never used                                                                         no-unused-vars
  Line 77:  Expected '===' and instead saw '=='                                                                        eqeqeq
  Line 83:  img elements must have an alt prop, either with meaningful text, or an empty string for decorative images  jsx-a11y/alt-text
  Line 96:  Expected '===' and instead saw '=='                                                                        eqeqeq

./src/components/auth/Register.js
  Line 2:   'ReCAPTCHA' is defined but never used   no-unused-vars
  Line 4:  'Link' is defined but never used        no-unused-vars
  Line 8:   'classnames' is defined but never used  no-unused-vars

./src/main/License.js
  Line 2:  'Footer' is defined but never used  no-unused-vars

./src/main/About.js
  Line 2:  'Footer' is defined but never used  no-unused-vars

./src/main/Contact.js
  Line 3:  'Footer' is defined but never used  no-unused-vars

./src/elements/Wysiwyg.js
  Line 5:  'htmlToDraft' is defined but never used   no-unused-vars
  Line 7:  'fun' is assigned a value but never used  no-unused-vars

./src/Single.js
  Line 71:  Unexpected string concatenation of literals  no-useless-concat
  Line 71:  Unexpected string concatenation of literals  no-useless-concat
  Line 86:  Expected '===' and instead saw '=='          eqeqeq

Search for the keywords to learn more about each warning.
To ignore, add // eslint-disable-next-line to the line before.

File sizes after gzip:

  208.31 KB  build/static/js/1.3de780b4.chunk.js
  8.57 KB    build/static/js/main.0117ee92.chunk.js
  2.97 KB    build/static/css/1.4eff9066.chunk.css
  763 B      build/static/js/runtime~main.229c360f.js
  275 B      build/static/css/main.e21bbdd5.chunk.css

The project was built assuming it is hosted at the server root.
You can control this with the homepage field in your package.json.
For example, add this to build it for GitHub Pages:

  "homepage" : "http://myname.github.io/myapp",

The build folder is ready to be deployed.
You may serve it with a static server:

  yarn global add serve
  serve -s build

Find out more about deployment here:

  http://bit.ly/CRA-deploy

Done in 19.23s.
