node-pre-gyp info This Node instance does not support builds for N-API version 3
Error: The N-API version of this Node instance is 1. This module supports N-API version(s) 3. This Node instance cannot run this module.
    at Object.module.exports.validate_package_json (/home/ubuntu/node_modules/node-pre-gyp/lib/util/napi.js:82:9)
    at Object.validate_config (/home/ubuntu/node_modules/node-pre-gyp/lib/util/versioning.js:229:10)
    at Object.exports.find (/home/ubuntu/node_modules/node-pre-gyp/lib/pre-binding.js:21:15)
    at Object.<anonymous> (/home/ubuntu/node_modules/bcrypt/bcrypt.js:5:27)
    at Module._compile (module.js:652:30)
    at Object.Module._extensions..js (module.js:663:10)
    at Module.load (module.js:565:32)
    at tryModuleLoad (module.js:505:12)
    at Function.Module._load (module.js:497:3)
    at Module.require (module.js:596:17)
node-pre-gyp info This Node instance does not support builds for N-API version 3
Error: The N-API version of this Node instance is 1. This module supports N-API version(s) 3. This Node instance cannot run this module.
    at Object.module.exports.validate_package_json (/home/ubuntu/node_modules/node-pre-gyp/lib/util/napi.js:82:9)
    at Object.validate_config (/home/ubuntu/node_modules/node-pre-gyp/lib/util/versioning.js:229:10)
    at Object.exports.find (/home/ubuntu/node_modules/node-pre-gyp/lib/pre-binding.js:21:15)
    at Object.<anonymous> (/home/ubuntu/node_modules/bcrypt/bcrypt.js:5:27)
    at Module._compile (module.js:652:30)
    at Object.Module._extensions..js (module.js:663:10)
    at Module.load (module.js:565:32)
    at tryModuleLoad (module.js:505:12)
    at Function.Module._load (module.js:497:3)
    at Module.require (module.js:596:17)
node-pre-gyp info This Node instance does not support builds for N-API version 3
Error: The N-API version of this Node instance is 1. This module supports N-API version(s) 3. This Node instance cannot run this module.
    at Object.module.exports.validate_package_json (/home/ubuntu/node_modules/node-pre-gyp/lib/util/napi.js:82:9)
    at Object.validate_config (/home/ubuntu/node_modules/node-pre-gyp/lib/util/versioning.js:229:10)
    at Object.exports.find (/home/ubuntu/node_modules/node-pre-gyp/lib/pre-binding.js:21:15)
    at Object.<anonymous> (/home/ubuntu/node_modules/bcrypt/bcrypt.js:5:27)
    at Module._compile (module.js:652:30)
    at Object.Module._extensions..js (module.js:663:10)
    at Module.load (module.js:565:32)
    at tryModuleLoad (module.js:505:12)
    at Function.Module._load (module.js:497:3)
    at Module.require (module.js:596:17)
node-pre-gyp info This Node instance does not support builds for N-API version 3
Error: The N-API version of this Node instance is 1. This module supports N-API version(s) 3. This Node instance cannot run this module.
    at Object.module.exports.validate_package_json (/home/ubuntu/node_modules/node-pre-gyp/lib/util/napi.js:82:9)
    at Object.validate_config (/home/ubuntu/node_modules/node-pre-gyp/lib/util/versioning.js:229:10)
    at Object.exports.find (/home/ubuntu/node_modules/node-pre-gyp/lib/pre-binding.js:21:15)
    at Object.<anonymous> (/home/ubuntu/node_modules/bcrypt/bcrypt.js:5:27)
    at Module._compile (module.js:652:30)
    at Object.Module._extensions..js (module.js:663:10)
    at Module.load (module.js:565:32)
    at tryModuleLoad (module.js:505:12)
    at Function.Module._load (module.js:497:3)
    at Module.require (module.js:596:17)
node-pre-gyp info This Node instance does not support builds for N-API version 3
Error: The N-API version of this Node instance is 1. This module supports N-API version(s) 3. This Node instance cannot run this module.
    at Object.module.exports.validate_package_json (/home/ubuntu/node_modules/node-pre-gyp/lib/util/napi.js:82:9)
    at Object.validate_config (/home/ubuntu/node_modules/node-pre-gyp/lib/util/versioning.js:229:10)
    at Object.exports.find (/home/ubuntu/node_modules/node-pre-gyp/lib/pre-binding.js:21:15)
    at Object.<anonymous> (/home/ubuntu/node_modules/bcrypt/bcrypt.js:5:27)
    at Module._compile (module.js:652:30)
    at Object.Module._extensions..js (module.js:663:10)
    at Module.load (module.js:565:32)
    at tryModuleLoad (module.js:505:12)
    at Function.Module._load (module.js:497:3)
    at Module.require (module.js:596:17)
node-pre-gyp info This Node instance does not support builds for N-API version 3
Error: The N-API version of this Node instance is 1. This module supports N-API version(s) 3. This Node instance cannot run this module.
    at Object.module.exports.validate_package_json (/home/ubuntu/node_modules/node-pre-gyp/lib/util/napi.js:82:9)
    at Object.validate_config (/home/ubuntu/node_modules/node-pre-gyp/lib/util/versioning.js:229:10)
    at Object.exports.find (/home/ubuntu/node_modules/node-pre-gyp/lib/pre-binding.js:21:15)
    at Object.<anonymous> (/home/ubuntu/node_modules/bcrypt/bcrypt.js:5:27)
    at Module._compile (module.js:652:30)
    at Object.Module._extensions..js (module.js:663:10)
    at Module.load (module.js:565:32)
    at tryModuleLoad (module.js:505:12)
    at Function.Module._load (module.js:497:3)
    at Module.require (module.js:596:17)
node-pre-gyp info This Node instance does not support builds for N-API version 3
Error: The N-API version of this Node instance is 1. This module supports N-API version(s) 3. This Node instance cannot run this module.
    at Object.module.exports.validate_package_json (/home/ubuntu/node_modules/node-pre-gyp/lib/util/napi.js:82:9)
    at Object.validate_config (/home/ubuntu/node_modules/node-pre-gyp/lib/util/versioning.js:229:10)
    at Object.exports.find (/home/ubuntu/node_modules/node-pre-gyp/lib/pre-binding.js:21:15)
    at Object.<anonymous> (/home/ubuntu/node_modules/bcrypt/bcrypt.js:5:27)
    at Module._compile (module.js:652:30)
    at Object.Module._extensions..js (module.js:663:10)
    at Module.load (module.js:565:32)
    at tryModuleLoad (module.js:505:12)
    at Function.Module._load (module.js:497:3)
    at Module.require (module.js:596:17)
node-pre-gyp info This Node instance does not support builds for N-API version 3
Error: The N-API version of this Node instance is 1. This module supports N-API version(s) 3. This Node instance cannot run this module.
    at Object.module.exports.validate_package_json (/home/ubuntu/node_modules/node-pre-gyp/lib/util/napi.js:82:9)
    at Object.validate_config (/home/ubuntu/node_modules/node-pre-gyp/lib/util/versioning.js:229:10)
    at Object.exports.find (/home/ubuntu/node_modules/node-pre-gyp/lib/pre-binding.js:21:15)
    at Object.<anonymous> (/home/ubuntu/node_modules/bcrypt/bcrypt.js:5:27)
    at Module._compile (module.js:652:30)
    at Object.Module._extensions..js (module.js:663:10)
    at Module.load (module.js:565:32)
    at tryModuleLoad (module.js:505:12)
    at Function.Module._load (module.js:497:3)
    at Module.require (module.js:596:17)
node-pre-gyp info This Node instance does not support builds for N-API version 3
Error: The N-API version of this Node instance is 1. This module supports N-API version(s) 3. This Node instance cannot run this module.
    at Object.module.exports.validate_package_json (/home/ubuntu/node_modules/node-pre-gyp/lib/util/napi.js:82:9)
    at Object.validate_config (/home/ubuntu/node_modules/node-pre-gyp/lib/util/versioning.js:229:10)
    at Object.exports.find (/home/ubuntu/node_modules/node-pre-gyp/lib/pre-binding.js:21:15)
    at Object.<anonymous> (/home/ubuntu/node_modules/bcrypt/bcrypt.js:5:27)
    at Module._compile (module.js:652:30)
    at Object.Module._extensions..js (module.js:663:10)
    at Module.load (module.js:565:32)
    at tryModuleLoad (module.js:505:12)
    at Function.Module._load (module.js:497:3)
    at Module.require (module.js:596:17)
node-pre-gyp info This Node instance does not support builds for N-API version 3
Error: The N-API version of this Node instance is 1. This module supports N-API version(s) 3. This Node instance cannot run this module.
    at Object.module.exports.validate_package_json (/home/ubuntu/node_modules/node-pre-gyp/lib/util/napi.js:82:9)
    at Object.validate_config (/home/ubuntu/node_modules/node-pre-gyp/lib/util/versioning.js:229:10)
    at Object.exports.find (/home/ubuntu/node_modules/node-pre-gyp/lib/pre-binding.js:21:15)
    at Object.<anonymous> (/home/ubuntu/node_modules/bcrypt/bcrypt.js:5:27)
    at Module._compile (module.js:652:30)
    at Object.Module._extensions..js (module.js:663:10)
    at Module.load (module.js:565:32)
    at tryModuleLoad (module.js:505:12)
    at Function.Module._load (module.js:497:3)
    at Module.require (module.js:596:17)
node-pre-gyp info This Node instance does not support builds for N-API version 3
Error: The N-API version of this Node instance is 1. This module supports N-API version(s) 3. This Node instance cannot run this module.
    at Object.module.exports.validate_package_json (/home/ubuntu/node_modules/node-pre-gyp/lib/util/napi.js:82:9)
    at Object.validate_config (/home/ubuntu/node_modules/node-pre-gyp/lib/util/versioning.js:229:10)
    at Object.exports.find (/home/ubuntu/node_modules/node-pre-gyp/lib/pre-binding.js:21:15)
    at Object.<anonymous> (/home/ubuntu/node_modules/bcrypt/bcrypt.js:5:27)
    at Module._compile (module.js:652:30)
    at Object.Module._extensions..js (module.js:663:10)
    at Module.load (module.js:565:32)
    at tryModuleLoad (module.js:505:12)
    at Function.Module._load (module.js:497:3)
    at Module.require (module.js:596:17)
node-pre-gyp info This Node instance does not support builds for N-API version 3
Error: The N-API version of this Node instance is 1. This module supports N-API version(s) 3. This Node instance cannot run this module.
    at Object.module.exports.validate_package_json (/home/ubuntu/node_modules/node-pre-gyp/lib/util/napi.js:82:9)
    at Object.validate_config (/home/ubuntu/node_modules/node-pre-gyp/lib/util/versioning.js:229:10)
    at Object.exports.find (/home/ubuntu/node_modules/node-pre-gyp/lib/pre-binding.js:21:15)
    at Object.<anonymous> (/home/ubuntu/node_modules/bcrypt/bcrypt.js:5:27)
    at Module._compile (module.js:652:30)
    at Object.Module._extensions..js (module.js:663:10)
    at Module.load (module.js:565:32)
    at tryModuleLoad (module.js:505:12)
    at Function.Module._load (module.js:497:3)
    at Module.require (module.js:596:17)
node-pre-gyp info This Node instance does not support builds for N-API version 3
Error: The N-API version of this Node instance is 1. This module supports N-API version(s) 3. This Node instance cannot run this module.
    at Object.module.exports.validate_package_json (/home/ubuntu/node_modules/node-pre-gyp/lib/util/napi.js:82:9)
    at Object.validate_config (/home/ubuntu/node_modules/node-pre-gyp/lib/util/versioning.js:229:10)
    at Object.exports.find (/home/ubuntu/node_modules/node-pre-gyp/lib/pre-binding.js:21:15)
    at Object.<anonymous> (/home/ubuntu/node_modules/bcrypt/bcrypt.js:5:27)
    at Module._compile (module.js:652:30)
    at Object.Module._extensions..js (module.js:663:10)
    at Module.load (module.js:565:32)
    at tryModuleLoad (module.js:505:12)
    at Function.Module._load (module.js:497:3)
    at Module.require (module.js:596:17)
node-pre-gyp info This Node instance does not support builds for N-API version 3
Error: The N-API version of this Node instance is 1. This module supports N-API version(s) 3. This Node instance cannot run this module.
    at Object.module.exports.validate_package_json (/home/ubuntu/node_modules/node-pre-gyp/lib/util/napi.js:82:9)
    at Object.validate_config (/home/ubuntu/node_modules/node-pre-gyp/lib/util/versioning.js:229:10)
    at Object.exports.find (/home/ubuntu/node_modules/node-pre-gyp/lib/pre-binding.js:21:15)
    at Object.<anonymous> (/home/ubuntu/node_modules/bcrypt/bcrypt.js:5:27)
    at Module._compile (module.js:652:30)
    at Object.Module._extensions..js (module.js:663:10)
    at Module.load (module.js:565:32)
    at tryModuleLoad (module.js:505:12)
    at Function.Module._load (module.js:497:3)
    at Module.require (module.js:596:17)
node-pre-gyp info This Node instance does not support builds for N-API version 3
Error: The N-API version of this Node instance is 1. This module supports N-API version(s) 3. This Node instance cannot run this module.
    at Object.module.exports.validate_package_json (/home/ubuntu/node_modules/node-pre-gyp/lib/util/napi.js:82:9)
    at Object.validate_config (/home/ubuntu/node_modules/node-pre-gyp/lib/util/versioning.js:229:10)
    at Object.exports.find (/home/ubuntu/node_modules/node-pre-gyp/lib/pre-binding.js:21:15)
    at Object.<anonymous> (/home/ubuntu/node_modules/bcrypt/bcrypt.js:5:27)
    at Module._compile (module.js:652:30)
    at Object.Module._extensions..js (module.js:663:10)
    at Module.load (module.js:565:32)
    at tryModuleLoad (module.js:505:12)
    at Function.Module._load (module.js:497:3)
    at Module.require (module.js:596:17)
node-pre-gyp info This Node instance does not support builds for N-API version 3
Error: The N-API version of this Node instance is 1. This module supports N-API version(s) 3. This Node instance cannot run this module.
    at Object.module.exports.validate_package_json (/home/ubuntu/node_modules/node-pre-gyp/lib/util/napi.js:82:9)
    at Object.validate_config (/home/ubuntu/node_modules/node-pre-gyp/lib/util/versioning.js:229:10)
    at Object.exports.find (/home/ubuntu/node_modules/node-pre-gyp/lib/pre-binding.js:21:15)
    at Object.<anonymous> (/home/ubuntu/node_modules/bcrypt/bcrypt.js:5:27)
    at Module._compile (module.js:652:30)
    at Object.Module._extensions..js (module.js:663:10)
    at Module.load (module.js:565:32)
    at tryModuleLoad (module.js:505:12)
    at Function.Module._load (module.js:497:3)
    at Module.require (module.js:596:17)
node-pre-gyp info This Node instance does not support builds for N-API version 3
Error: The N-API version of this Node instance is 1. This module supports N-API version(s) 3. This Node instance cannot run this module.
    at Object.module.exports.validate_package_json (/home/ubuntu/node_modules/node-pre-gyp/lib/util/napi.js:82:9)
    at Object.validate_config (/home/ubuntu/node_modules/node-pre-gyp/lib/util/versioning.js:229:10)
    at Object.exports.find (/home/ubuntu/node_modules/node-pre-gyp/lib/pre-binding.js:21:15)
    at Object.<anonymous> (/home/ubuntu/node_modules/bcrypt/bcrypt.js:5:27)
    at Module._compile (module.js:652:30)
    at Object.Module._extensions..js (module.js:663:10)
    at Module.load (module.js:565:32)
    at tryModuleLoad (module.js:505:12)
    at Function.Module._load (module.js:497:3)
    at Module.require (module.js:596:17)
node-pre-gyp info This Node instance does not support builds for N-API version 3
Error: The N-API version of this Node instance is 1. This module supports N-API version(s) 3. This Node instance cannot run this module.
    at Object.module.exports.validate_package_json (/home/ubuntu/node_modules/node-pre-gyp/lib/util/napi.js:82:9)
    at Object.validate_config (/home/ubuntu/node_modules/node-pre-gyp/lib/util/versioning.js:229:10)
    at Object.exports.find (/home/ubuntu/node_modules/node-pre-gyp/lib/pre-binding.js:21:15)
    at Object.<anonymous> (/home/ubuntu/node_modules/bcrypt/bcrypt.js:5:27)
    at Module._compile (module.js:652:30)
    at Object.Module._extensions..js (module.js:663:10)
    at Module.load (module.js:565:32)
    at tryModuleLoad (module.js:505:12)
    at Function.Module._load (module.js:497:3)
    at Module.require (module.js:596:17)
node-pre-gyp info This Node instance does not support builds for N-API version 3
Error: The N-API version of this Node instance is 1. This module supports N-API version(s) 3. This Node instance cannot run this module.
    at Object.module.exports.validate_package_json (/home/ubuntu/node_modules/node-pre-gyp/lib/util/napi.js:82:9)
    at Object.validate_config (/home/ubuntu/node_modules/node-pre-gyp/lib/util/versioning.js:229:10)
    at Object.exports.find (/home/ubuntu/node_modules/node-pre-gyp/lib/pre-binding.js:21:15)
    at Object.<anonymous> (/home/ubuntu/node_modules/bcrypt/bcrypt.js:5:27)
    at Module._compile (module.js:652:30)
    at Object.Module._extensions..js (module.js:663:10)
    at Module.load (module.js:565:32)
    at tryModuleLoad (module.js:505:12)
    at Function.Module._load (module.js:497:3)
    at Module.require (module.js:596:17)
node-pre-gyp info This Node instance does not support builds for N-API version 3
Error: The N-API version of this Node instance is 1. This module supports N-API version(s) 3. This Node instance cannot run this module.
    at Object.module.exports.validate_package_json (/home/ubuntu/node_modules/node-pre-gyp/lib/util/napi.js:82:9)
    at Object.validate_config (/home/ubuntu/node_modules/node-pre-gyp/lib/util/versioning.js:229:10)
    at Object.exports.find (/home/ubuntu/node_modules/node-pre-gyp/lib/pre-binding.js:21:15)
    at Object.<anonymous> (/home/ubuntu/node_modules/bcrypt/bcrypt.js:5:27)
    at Module._compile (module.js:652:30)
    at Object.Module._extensions..js (module.js:663:10)
    at Module.load (module.js:565:32)
    at tryModuleLoad (module.js:505:12)
    at Function.Module._load (module.js:497:3)
    at Module.require (module.js:596:17)
node-pre-gyp info This Node instance does not support builds for N-API version 3
Error: The N-API version of this Node instance is 1. This module supports N-API version(s) 3. This Node instance cannot run this module.
    at Object.module.exports.validate_package_json (/home/ubuntu/node_modules/node-pre-gyp/lib/util/napi.js:82:9)
    at Object.validate_config (/home/ubuntu/node_modules/node-pre-gyp/lib/util/versioning.js:229:10)
    at Object.exports.find (/home/ubuntu/node_modules/node-pre-gyp/lib/pre-binding.js:21:15)
    at Object.<anonymous> (/home/ubuntu/node_modules/bcrypt/bcrypt.js:5:27)
    at Module._compile (module.js:652:30)
    at Object.Module._extensions..js (module.js:663:10)
    at Module.load (module.js:565:32)
    at tryModuleLoad (module.js:505:12)
    at Function.Module._load (module.js:497:3)
    at Module.require (module.js:596:17)
node-pre-gyp info This Node instance does not support builds for N-API version 3
Error: The N-API version of this Node instance is 1. This module supports N-API version(s) 3. This Node instance cannot run this module.
    at Object.module.exports.validate_package_json (/home/ubuntu/node_modules/node-pre-gyp/lib/util/napi.js:82:9)
    at Object.validate_config (/home/ubuntu/node_modules/node-pre-gyp/lib/util/versioning.js:229:10)
    at Object.exports.find (/home/ubuntu/node_modules/node-pre-gyp/lib/pre-binding.js:21:15)
    at Object.<anonymous> (/home/ubuntu/node_modules/bcrypt/bcrypt.js:5:27)
    at Module._compile (module.js:652:30)
    at Object.Module._extensions..js (module.js:663:10)
    at Module.load (module.js:565:32)
    at tryModuleLoad (module.js:505:12)
    at Function.Module._load (module.js:497:3)
    at Module.require (module.js:596:17)
node-pre-gyp info This Node instance does not support builds for N-API version 3
Error: The N-API version of this Node instance is 1. This module supports N-API version(s) 3. This Node instance cannot run this module.
    at Object.module.exports.validate_package_json (/home/ubuntu/node_modules/node-pre-gyp/lib/util/napi.js:82:9)
    at Object.validate_config (/home/ubuntu/node_modules/node-pre-gyp/lib/util/versioning.js:229:10)
    at Object.exports.find (/home/ubuntu/node_modules/node-pre-gyp/lib/pre-binding.js:21:15)
    at Object.<anonymous> (/home/ubuntu/node_modules/bcrypt/bcrypt.js:5:27)
    at Module._compile (module.js:652:30)
    at Object.Module._extensions..js (module.js:663:10)
    at Module.load (module.js:565:32)
    at tryModuleLoad (module.js:505:12)
    at Function.Module._load (module.js:497:3)
    at Module.require (module.js:596:17)
node-pre-gyp info This Node instance does not support builds for N-API version 3
Error: The N-API version of this Node instance is 1. This module supports N-API version(s) 3. This Node instance cannot run this module.
    at Object.module.exports.validate_package_json (/home/ubuntu/node_modules/node-pre-gyp/lib/util/napi.js:82:9)
    at Object.validate_config (/home/ubuntu/node_modules/node-pre-gyp/lib/util/versioning.js:229:10)
    at Object.exports.find (/home/ubuntu/node_modules/node-pre-gyp/lib/pre-binding.js:21:15)
    at Object.<anonymous> (/home/ubuntu/node_modules/bcrypt/bcrypt.js:5:27)
    at Module._compile (module.js:652:30)
    at Object.Module._extensions..js (module.js:663:10)
    at Module.load (module.js:565:32)
    at tryModuleLoad (module.js:505:12)
    at Function.Module._load (module.js:497:3)
    at Module.require (module.js:596:17)
node-pre-gyp info This Node instance does not support builds for N-API version 3
Error: The N-API version of this Node instance is 1. This module supports N-API version(s) 3. This Node instance cannot run this module.
    at Object.module.exports.validate_package_json (/home/ubuntu/node_modules/node-pre-gyp/lib/util/napi.js:82:9)
    at Object.validate_config (/home/ubuntu/node_modules/node-pre-gyp/lib/util/versioning.js:229:10)
    at Object.exports.find (/home/ubuntu/node_modules/node-pre-gyp/lib/pre-binding.js:21:15)
    at Object.<anonymous> (/home/ubuntu/node_modules/bcrypt/bcrypt.js:5:27)
    at Module._compile (module.js:652:30)
    at Object.Module._extensions..js (module.js:663:10)
    at Module.load (module.js:565:32)
    at tryModuleLoad (module.js:505:12)
    at Function.Module._load (module.js:497:3)
    at Module.require (module.js:596:17)
node-pre-gyp info This Node instance does not support builds for N-API version 3
Error: The N-API version of this Node instance is 1. This module supports N-API version(s) 3. This Node instance cannot run this module.
    at Object.module.exports.validate_package_json (/home/ubuntu/node_modules/node-pre-gyp/lib/util/napi.js:82:9)
    at Object.validate_config (/home/ubuntu/node_modules/node-pre-gyp/lib/util/versioning.js:229:10)
    at Object.exports.find (/home/ubuntu/node_modules/node-pre-gyp/lib/pre-binding.js:21:15)
    at Object.<anonymous> (/home/ubuntu/node_modules/bcrypt/bcrypt.js:5:27)
    at Module._compile (module.js:652:30)
    at Object.Module._extensions..js (module.js:663:10)
    at Module.load (module.js:565:32)
    at tryModuleLoad (module.js:505:12)
    at Function.Module._load (module.js:497:3)
    at Module.require (module.js:596:17)
node-pre-gyp info This Node instance does not support builds for N-API version 3
Error: The N-API version of this Node instance is 1. This module supports N-API version(s) 3. This Node instance cannot run this module.
    at Object.module.exports.validate_package_json (/home/ubuntu/node_modules/node-pre-gyp/lib/util/napi.js:82:9)
    at Object.validate_config (/home/ubuntu/node_modules/node-pre-gyp/lib/util/versioning.js:229:10)
    at Object.exports.find (/home/ubuntu/node_modules/node-pre-gyp/lib/pre-binding.js:21:15)
    at Object.<anonymous> (/home/ubuntu/node_modules/bcrypt/bcrypt.js:5:27)
    at Module._compile (module.js:652:30)
    at Object.Module._extensions..js (module.js:663:10)
    at Module.load (module.js:565:32)
    at tryModuleLoad (module.js:505:12)
    at Function.Module._load (module.js:497:3)
    at Module.require (module.js:596:17)
node-pre-gyp info This Node instance does not support builds for N-API version 3
Error: The N-API version of this Node instance is 1. This module supports N-API version(s) 3. This Node instance cannot run this module.
    at Object.module.exports.validate_package_json (/home/ubuntu/node_modules/node-pre-gyp/lib/util/napi.js:82:9)
    at Object.validate_config (/home/ubuntu/node_modules/node-pre-gyp/lib/util/versioning.js:229:10)
    at Object.exports.find (/home/ubuntu/node_modules/node-pre-gyp/lib/pre-binding.js:21:15)
    at Object.<anonymous> (/home/ubuntu/node_modules/bcrypt/bcrypt.js:5:27)
    at Module._compile (module.js:652:30)
    at Object.Module._extensions..js (module.js:663:10)
    at Module.load (module.js:565:32)
    at tryModuleLoad (module.js:505:12)
    at Function.Module._load (module.js:497:3)
    at Module.require (module.js:596:17)
node-pre-gyp info This Node instance does not support builds for N-API version 3
Error: The N-API version of this Node instance is 1. This module supports N-API version(s) 3. This Node instance cannot run this module.
    at Object.module.exports.validate_package_json (/home/ubuntu/node_modules/node-pre-gyp/lib/util/napi.js:82:9)
    at Object.validate_config (/home/ubuntu/node_modules/node-pre-gyp/lib/util/versioning.js:229:10)
    at Object.exports.find (/home/ubuntu/node_modules/node-pre-gyp/lib/pre-binding.js:21:15)
    at Object.<anonymous> (/home/ubuntu/node_modules/bcrypt/bcrypt.js:5:27)
    at Module._compile (module.js:652:30)
    at Object.Module._extensions..js (module.js:663:10)
    at Module.load (module.js:565:32)
    at tryModuleLoad (module.js:505:12)
    at Function.Module._load (module.js:497:3)
    at Module.require (module.js:596:17)
node-pre-gyp info This Node instance does not support builds for N-API version 3
Error: The N-API version of this Node instance is 1. This module supports N-API version(s) 3. This Node instance cannot run this module.
    at Object.module.exports.validate_package_json (/home/ubuntu/node_modules/node-pre-gyp/lib/util/napi.js:82:9)
    at Object.validate_config (/home/ubuntu/node_modules/node-pre-gyp/lib/util/versioning.js:229:10)
    at Object.exports.find (/home/ubuntu/node_modules/node-pre-gyp/lib/pre-binding.js:21:15)
    at Object.<anonymous> (/home/ubuntu/node_modules/bcrypt/bcrypt.js:5:27)
    at Module._compile (module.js:652:30)
    at Object.Module._extensions..js (module.js:663:10)
    at Module.load (module.js:565:32)
    at tryModuleLoad (module.js:505:12)
    at Function.Module._load (module.js:497:3)
    at Module.require (module.js:596:17)
node-pre-gyp info This Node instance does not support builds for N-API version 3
Error: The N-API version of this Node instance is 1. This module supports N-API version(s) 3. This Node instance cannot run this module.
    at Object.module.exports.validate_package_json (/home/ubuntu/node_modules/node-pre-gyp/lib/util/napi.js:82:9)
    at Object.validate_config (/home/ubuntu/node_modules/node-pre-gyp/lib/util/versioning.js:229:10)
    at Object.exports.find (/home/ubuntu/node_modules/node-pre-gyp/lib/pre-binding.js:21:15)
    at Object.<anonymous> (/home/ubuntu/node_modules/bcrypt/bcrypt.js:5:27)
    at Module._compile (module.js:652:30)
    at Object.Module._extensions..js (module.js:663:10)
    at Module.load (module.js:565:32)
    at tryModuleLoad (module.js:505:12)
    at Function.Module._load (module.js:497:3)
    at Module.require (module.js:596:17)
node-pre-gyp info This Node instance does not support builds for N-API version 3
Error: The N-API version of this Node instance is 1. This module supports N-API version(s) 3. This Node instance cannot run this module.
    at Object.module.exports.validate_package_json (/home/ubuntu/node_modules/node-pre-gyp/lib/util/napi.js:82:9)
    at Object.validate_config (/home/ubuntu/node_modules/node-pre-gyp/lib/util/versioning.js:229:10)
    at Object.exports.find (/home/ubuntu/node_modules/node-pre-gyp/lib/pre-binding.js:21:15)
    at Object.<anonymous> (/home/ubuntu/node_modules/bcrypt/bcrypt.js:5:27)
    at Module._compile (module.js:652:30)
    at Object.Module._extensions..js (module.js:663:10)
    at Module.load (module.js:565:32)
    at tryModuleLoad (module.js:505:12)
    at Function.Module._load (module.js:497:3)
    at Module.require (module.js:596:17)
node-pre-gyp info This Node instance does not support builds for N-API version 3
Error: The N-API version of this Node instance is 1. This module supports N-API version(s) 3. This Node instance cannot run this module.
    at Object.module.exports.validate_package_json (/home/ubuntu/node_modules/node-pre-gyp/lib/util/napi.js:82:9)
    at Object.validate_config (/home/ubuntu/node_modules/node-pre-gyp/lib/util/versioning.js:229:10)
    at Object.exports.find (/home/ubuntu/node_modules/node-pre-gyp/lib/pre-binding.js:21:15)
    at Object.<anonymous> (/home/ubuntu/node_modules/bcrypt/bcrypt.js:5:27)
    at Module._compile (module.js:652:30)
    at Object.Module._extensions..js (module.js:663:10)
    at Module.load (module.js:565:32)
    at tryModuleLoad (module.js:505:12)
    at Function.Module._load (module.js:497:3)
    at Module.require (module.js:596:17)
node-pre-gyp info This Node instance does not support builds for N-API version 3
Error: The N-API version of this Node instance is 1. This module supports N-API version(s) 3. This Node instance cannot run this module.
    at Object.module.exports.validate_package_json (/home/ubuntu/node_modules/node-pre-gyp/lib/util/napi.js:82:9)
    at Object.validate_config (/home/ubuntu/node_modules/node-pre-gyp/lib/util/versioning.js:229:10)
    at Object.exports.find (/home/ubuntu/node_modules/node-pre-gyp/lib/pre-binding.js:21:15)
    at Object.<anonymous> (/home/ubuntu/node_modules/bcrypt/bcrypt.js:5:27)
    at Module._compile (module.js:652:30)
    at Object.Module._extensions..js (module.js:663:10)
    at Module.load (module.js:565:32)
    at tryModuleLoad (module.js:505:12)
    at Function.Module._load (module.js:497:3)
    at Module.require (module.js:596:17)
node-pre-gyp info This Node instance does not support builds for N-API version 3
Error: The N-API version of this Node instance is 1. This module supports N-API version(s) 3. This Node instance cannot run this module.
    at Object.module.exports.validate_package_json (/home/ubuntu/node_modules/node-pre-gyp/lib/util/napi.js:82:9)
    at Object.validate_config (/home/ubuntu/node_modules/node-pre-gyp/lib/util/versioning.js:229:10)
    at Object.exports.find (/home/ubuntu/node_modules/node-pre-gyp/lib/pre-binding.js:21:15)
    at Object.<anonymous> (/home/ubuntu/node_modules/bcrypt/bcrypt.js:5:27)
    at Module._compile (module.js:652:30)
    at Object.Module._extensions..js (module.js:663:10)
    at Module.load (module.js:565:32)
    at tryModuleLoad (module.js:505:12)
    at Function.Module._load (module.js:497:3)
    at Module.require (module.js:596:17)
node-pre-gyp info This Node instance does not support builds for N-API version 3
Error: The N-API version of this Node instance is 1. This module supports N-API version(s) 3. This Node instance cannot run this module.
    at Object.module.exports.validate_package_json (/home/ubuntu/node_modules/node-pre-gyp/lib/util/napi.js:82:9)
    at Object.validate_config (/home/ubuntu/node_modules/node-pre-gyp/lib/util/versioning.js:229:10)
    at Object.exports.find (/home/ubuntu/node_modules/node-pre-gyp/lib/pre-binding.js:21:15)
    at Object.<anonymous> (/home/ubuntu/node_modules/bcrypt/bcrypt.js:5:27)
    at Module._compile (module.js:652:30)
    at Object.Module._extensions..js (module.js:663:10)
    at Module.load (module.js:565:32)
    at tryModuleLoad (module.js:505:12)
    at Function.Module._load (module.js:497:3)
    at Module.require (module.js:596:17)
node-pre-gyp info This Node instance does not support builds for N-API version 3
Error: The N-API version of this Node instance is 1. This module supports N-API version(s) 3. This Node instance cannot run this module.
    at Object.module.exports.validate_package_json (/home/ubuntu/node_modules/node-pre-gyp/lib/util/napi.js:82:9)
    at Object.validate_config (/home/ubuntu/node_modules/node-pre-gyp/lib/util/versioning.js:229:10)
    at Object.exports.find (/home/ubuntu/node_modules/node-pre-gyp/lib/pre-binding.js:21:15)
    at Object.<anonymous> (/home/ubuntu/node_modules/bcrypt/bcrypt.js:5:27)
    at Module._compile (module.js:652:30)
    at Object.Module._extensions..js (module.js:663:10)
    at Module.load (module.js:565:32)
    at tryModuleLoad (module.js:505:12)
    at Function.Module._load (module.js:497:3)
    at Module.require (module.js:596:17)
node-pre-gyp info This Node instance does not support builds for N-API version 3
Error: The N-API version of this Node instance is 1. This module supports N-API version(s) 3. This Node instance cannot run this module.
    at Object.module.exports.validate_package_json (/home/ubuntu/node_modules/node-pre-gyp/lib/util/napi.js:82:9)
    at Object.validate_config (/home/ubuntu/node_modules/node-pre-gyp/lib/util/versioning.js:229:10)
    at Object.exports.find (/home/ubuntu/node_modules/node-pre-gyp/lib/pre-binding.js:21:15)
    at Object.<anonymous> (/home/ubuntu/node_modules/bcrypt/bcrypt.js:5:27)
    at Module._compile (module.js:652:30)
    at Object.Module._extensions..js (module.js:663:10)
    at Module.load (module.js:565:32)
    at tryModuleLoad (module.js:505:12)
    at Function.Module._load (module.js:497:3)
    at Module.require (module.js:596:17)
node-pre-gyp info This Node instance does not support builds for N-API version 3
Error: The N-API version of this Node instance is 1. This module supports N-API version(s) 3. This Node instance cannot run this module.
    at Object.module.exports.validate_package_json (/home/ubuntu/node_modules/node-pre-gyp/lib/util/napi.js:82:9)
    at Object.validate_config (/home/ubuntu/node_modules/node-pre-gyp/lib/util/versioning.js:229:10)
    at Object.exports.find (/home/ubuntu/node_modules/node-pre-gyp/lib/pre-binding.js:21:15)
    at Object.<anonymous> (/home/ubuntu/node_modules/bcrypt/bcrypt.js:5:27)
    at Module._compile (module.js:652:30)
    at Object.Module._extensions..js (module.js:663:10)
    at Module.load (module.js:565:32)
    at tryModuleLoad (module.js:505:12)
    at Function.Module._load (module.js:497:3)
    at Module.require (module.js:596:17)
node-pre-gyp info This Node instance does not support builds for N-API version 3
Error: The N-API version of this Node instance is 1. This module supports N-API version(s) 3. This Node instance cannot run this module.
    at Object.module.exports.validate_package_json (/home/ubuntu/node_modules/node-pre-gyp/lib/util/napi.js:82:9)
    at Object.validate_config (/home/ubuntu/node_modules/node-pre-gyp/lib/util/versioning.js:229:10)
    at Object.exports.find (/home/ubuntu/node_modules/node-pre-gyp/lib/pre-binding.js:21:15)
    at Object.<anonymous> (/home/ubuntu/node_modules/bcrypt/bcrypt.js:5:27)
    at Module._compile (module.js:652:30)
    at Object.Module._extensions..js (module.js:663:10)
    at Module.load (module.js:565:32)
    at tryModuleLoad (module.js:505:12)
    at Function.Module._load (module.js:497:3)
    at Module.require (module.js:596:17)
node-pre-gyp info This Node instance does not support builds for N-API version 3
Error: The N-API version of this Node instance is 1. This module supports N-API version(s) 3. This Node instance cannot run this module.
    at Object.module.exports.validate_package_json (/home/ubuntu/node_modules/node-pre-gyp/lib/util/napi.js:82:9)
    at Object.validate_config (/home/ubuntu/node_modules/node-pre-gyp/lib/util/versioning.js:229:10)
    at Object.exports.find (/home/ubuntu/node_modules/node-pre-gyp/lib/pre-binding.js:21:15)
    at Object.<anonymous> (/home/ubuntu/node_modules/bcrypt/bcrypt.js:5:27)
    at Module._compile (module.js:652:30)
    at Object.Module._extensions..js (module.js:663:10)
    at Module.load (module.js:565:32)
    at tryModuleLoad (module.js:505:12)
    at Function.Module._load (module.js:497:3)
    at Module.require (module.js:596:17)
node-pre-gyp info This Node instance does not support builds for N-API version 3
Error: The N-API version of this Node instance is 1. This module supports N-API version(s) 3. This Node instance cannot run this module.
    at Object.module.exports.validate_package_json (/home/ubuntu/node_modules/node-pre-gyp/lib/util/napi.js:82:9)
    at Object.validate_config (/home/ubuntu/node_modules/node-pre-gyp/lib/util/versioning.js:229:10)
    at Object.exports.find (/home/ubuntu/node_modules/node-pre-gyp/lib/pre-binding.js:21:15)
    at Object.<anonymous> (/home/ubuntu/node_modules/bcrypt/bcrypt.js:5:27)
    at Module._compile (module.js:652:30)
    at Object.Module._extensions..js (module.js:663:10)
    at Module.load (module.js:565:32)
    at tryModuleLoad (module.js:505:12)
    at Function.Module._load (module.js:497:3)
    at Module.require (module.js:596:17)
node-pre-gyp info This Node instance does not support builds for N-API version 3
Error: The N-API version of this Node instance is 1. This module supports N-API version(s) 3. This Node instance cannot run this module.
    at Object.module.exports.validate_package_json (/home/ubuntu/node_modules/node-pre-gyp/lib/util/napi.js:82:9)
    at Object.validate_config (/home/ubuntu/node_modules/node-pre-gyp/lib/util/versioning.js:229:10)
    at Object.exports.find (/home/ubuntu/node_modules/node-pre-gyp/lib/pre-binding.js:21:15)
    at Object.<anonymous> (/home/ubuntu/node_modules/bcrypt/bcrypt.js:5:27)
    at Module._compile (module.js:652:30)
    at Object.Module._extensions..js (module.js:663:10)
    at Module.load (module.js:565:32)
    at tryModuleLoad (module.js:505:12)
    at Function.Module._load (module.js:497:3)
    at Module.require (module.js:596:17)
node-pre-gyp info This Node instance does not support builds for N-API version 3
Error: The N-API version of this Node instance is 1. This module supports N-API version(s) 3. This Node instance cannot run this module.
    at Object.module.exports.validate_package_json (/home/ubuntu/node_modules/node-pre-gyp/lib/util/napi.js:82:9)
    at Object.validate_config (/home/ubuntu/node_modules/node-pre-gyp/lib/util/versioning.js:229:10)
    at Object.exports.find (/home/ubuntu/node_modules/node-pre-gyp/lib/pre-binding.js:21:15)
    at Object.<anonymous> (/home/ubuntu/node_modules/bcrypt/bcrypt.js:5:27)
    at Module._compile (module.js:652:30)
    at Object.Module._extensions..js (module.js:663:10)
    at Module.load (module.js:565:32)
    at tryModuleLoad (module.js:505:12)
    at Function.Module._load (module.js:497:3)
    at Module.require (module.js:596:17)
node-pre-gyp info This Node instance does not support builds for N-API version 3
Error: The N-API version of this Node instance is 1. This module supports N-API version(s) 3. This Node instance cannot run this module.
    at Object.module.exports.validate_package_json (/home/ubuntu/node_modules/node-pre-gyp/lib/util/napi.js:82:9)
    at Object.validate_config (/home/ubuntu/node_modules/node-pre-gyp/lib/util/versioning.js:229:10)
    at Object.exports.find (/home/ubuntu/node_modules/node-pre-gyp/lib/pre-binding.js:21:15)
    at Object.<anonymous> (/home/ubuntu/node_modules/bcrypt/bcrypt.js:5:27)
    at Module._compile (module.js:652:30)
    at Object.Module._extensions..js (module.js:663:10)
    at Module.load (module.js:565:32)
    at tryModuleLoad (module.js:505:12)
    at Function.Module._load (module.js:497:3)
    at Module.require (module.js:596:17)
node-pre-gyp info This Node instance does not support builds for N-API version 3
Error: The N-API version of this Node instance is 1. This module supports N-API version(s) 3. This Node instance cannot run this module.
    at Object.module.exports.validate_package_json (/home/ubuntu/node_modules/node-pre-gyp/lib/util/napi.js:82:9)
    at Object.validate_config (/home/ubuntu/node_modules/node-pre-gyp/lib/util/versioning.js:229:10)
    at Object.exports.find (/home/ubuntu/node_modules/node-pre-gyp/lib/pre-binding.js:21:15)
    at Object.<anonymous> (/home/ubuntu/node_modules/bcrypt/bcrypt.js:5:27)
    at Module._compile (module.js:652:30)
    at Object.Module._extensions..js (module.js:663:10)
    at Module.load (module.js:565:32)
    at tryModuleLoad (module.js:505:12)
    at Function.Module._load (module.js:497:3)
    at Module.require (module.js:596:17)
node-pre-gyp info This Node instance does not support builds for N-API version 3
Error: The N-API version of this Node instance is 1. This module supports N-API version(s) 3. This Node instance cannot run this module.
    at Object.module.exports.validate_package_json (/home/ubuntu/node_modules/node-pre-gyp/lib/util/napi.js:82:9)
    at Object.validate_config (/home/ubuntu/node_modules/node-pre-gyp/lib/util/versioning.js:229:10)
    at Object.exports.find (/home/ubuntu/node_modules/node-pre-gyp/lib/pre-binding.js:21:15)
    at Object.<anonymous> (/home/ubuntu/node_modules/bcrypt/bcrypt.js:5:27)
    at Module._compile (module.js:652:30)
    at Object.Module._extensions..js (module.js:663:10)
    at Module.load (module.js:565:32)
    at tryModuleLoad (module.js:505:12)
    at Function.Module._load (module.js:497:3)
    at Module.require (module.js:596:17)
node-pre-gyp info This Node instance does not support builds for N-API version 3
Error: The N-API version of this Node instance is 1. This module supports N-API version(s) 3. This Node instance cannot run this module.
    at Object.module.exports.validate_package_json (/home/ubuntu/node_modules/node-pre-gyp/lib/util/napi.js:82:9)
    at Object.validate_config (/home/ubuntu/node_modules/node-pre-gyp/lib/util/versioning.js:229:10)
    at Object.exports.find (/home/ubuntu/node_modules/node-pre-gyp/lib/pre-binding.js:21:15)
    at Object.<anonymous> (/home/ubuntu/node_modules/bcrypt/bcrypt.js:5:27)
    at Module._compile (module.js:652:30)
    at Object.Module._extensions..js (module.js:663:10)
    at Module.load (module.js:565:32)
    at tryModuleLoad (module.js:505:12)
    at Function.Module._load (module.js:497:3)
    at Module.require (module.js:596:17)
